<?xml version="1.0" encoding="UTF-8"?>
<!-- Generated by org.testng.reporters.JUnitReportReporter -->
<testsuite skipped="0" hostname="Krish" name="com.learnautomation.selenium.DemoforMaven" tests="1" failures="0" timestamp="2019-09-28T12:07:13 IST" time="0.050" errors="0">
  <testcase name="login" time="0.050" classname="com.learnautomation.selenium.DemoforMaven"/>
</testsuite> <!-- com.learnautomation.selenium.DemoforMaven -->
